(project_sage.tex
jobcontrol      > resuming randomizer with 0.5929547397387

ConTeXt  ver: 2010.11.18 19:47 MKIV  fmt: 2010.11.19  int: english/english

system          : cont-new loaded
(/opt/context-minimals/tex/texmf-context/tex/context/base/cont-new.tex
systems         : beware: some patches loaded from cont-new.tex
(/opt/context-minimals/tex/texmf-context/tex/context/base/cont-new.mkiv))
system          : cont-fil.mkiv loaded
(/opt/context-minimals/tex/texmf-context/tex/context/base/cont-fil.mkiv
loading         : ConTeXt File Synonyms
)
system          : cont-sys loaded
(/opt/context-minimals/tex/texmf-context/tex/context/base/cont-sys.tex (/opt/context-minimals/tex/texmf-context/tex/context/base/type-def.mkiv) (/opt/context-minimals/tex/texmf-context/tex/context/base/type-lua.mkiv) (/opt/context-minimals/tex/texmf-context/tex/context/base/type-siz.mkiv) (/opt/context-minimals/tex/texmf-context/tex/context/base/type-otf.mkiv))
system          : project_sage.top loaded
%
%	begin of optionfile
%
%	% runtime options files (command line driven)
%	\unprotect
%	% feedback and basic job control
%	% handy for special styles
%	\startluacode
%	document = document or { }
%	document.arguments={
%	}
%	document.files={
%	 "project_sage.tex",
%	}
%	\stopluacode
%	% process info
%	\setupsystem[inputfile=project_sage.tex]
%	\setupsystem[\c!n=2,\c!m=2]
%	% modes
%	% options (not that important)
%	\startsetups *runtime:options
%	\setupoutput[pdftex]
%	\stopsetups
%	% styles and modules
%	\startsetups *runtime:modules
%	\stopsetups
%	% done
%	\protect \endinput
%
%	end of optionfile
%
(project_sage.top)
fonts           : preloading latin modern fonts (first stage)
{/opt/context-minimals/tex/texmf/fonts/map/dvips/lm/lm-math.map}{/opt/context-minimals/tex/texmf/fonts/map/dvips/lm/lm-rm.map}{/opt/context-minimals/tex/texmf-context/fonts/map/pdftex/context/mkiv-base.map}
bodyfont        : 12pt rm is loaded
language        : language en is active
publications    : loading formatting style from bxml-apa
(/opt/context-minimals/tex/texmf-context/tex/context/base/bxml-apa.mkiv)
systems         : begin file project_sage.tex at line 1
systems         : begin file env_sage at line 2
(env_sage.tex
runsystem(sh ./vc)...executed.

 (vc.tex)
system          : module greek loaded
(/opt/context-minimals/tex/texmf-context/tex/context/base/s-grk-00.tex
check           : missing or ungrouped '=' after 'default' in line 18 (@@ts)
check           : missing or ungrouped '=' after 'default' in line 18 (@@ts)
check           : missing or ungrouped '=' after 'default' in line 18 (@@ts)
check           : missing or ungrouped '=' after 'default' in line 18 (@@ts)
{/opt/context-minimals/tex/texmf-context/fonts/map/pdftex/context/mkiv-tx.map}{/opt/context-minimals/tex/texmf-context/fonts/map/pdftex/context/mkiv-px.map}{/opt/context-minimals/tex/texmf/fonts/map/dvips/antt/antt-rm.map}{/opt/context-minimals/tex/texmf/fonts/map/dvips/antt/antt-mi.map}{/opt/context-minimals/tex/texmf/fonts/map/dvips/antt/antt-sy.map}{/opt/context-minimals/tex/texmf/fonts/map/dvips/antt/antt-ex.map}{/opt/context-minimals/tex/texmf/fonts/map/dvips/iwona/iwona-rm.map}{/opt/context-minimals/tex/texmf/fonts/map/dvips/iwona/iwona-mi.map}{/opt/context-minimals/tex/texmf/fonts/map/dvips/iwona/iwona-sy.map}{/opt/context-minimals/tex/texmf/fonts/map/dvips/iwona/iwona-ex.map})
system          : module units loaded
(/opt/context-minimals/tex/texmf-context/tex/context/base/m-units.tex)
system          : module gnuplot loaded
(/opt/context-minimals/tex/texmf-context/tex/context/third/gnuplot/t-gnuplot.tex
loading         : Gnuplot module
)
system          : module newmat loaded
(/opt/context-minimals/tex/texmf-context/tex/context/base/m-newmat.tex)
system          : module amsl not found
symbols         : loading symbolset was
(/opt/context-minimals/tex/texmf-context/tex/context/base/symb-was.tex{/opt/context-minimals/tex/texmf-context/fonts/map/pdftex/context/original-wasy.map})
system          : module vim loaded
(t-vim.tex
system          : module filter loaded
(t-filter.tex
loading         : ConTeXt User Module / Filter
)
color           : system hex is loaded
(/opt/context-minimals/tex/texmf-context/tex/context/base/colo-hex.tex (/opt/context-minimals/tex/texmf-context/tex/context/base/colo-hex.mkiv)))
check           : missing or ungrouped '=' after 'hex' in line 18 (@@cl)
color           : rgb color space is not supported
interaction     : active
system          : module tikz loaded
(/opt/context-minimals/tex/texmf-context/tex/context/pgf/frontendlayer/t-tikz.tex (/opt/context-minimals/tex/texmf-context/tex/context/pgf/basiclayer/t-pgf.tex (/opt/context-minimals/tex/texmf-context/tex/context/pgf/basiclayer/t-pgfcor.tex (/opt/context-minimals/tex/texmf-context/tex/context/pgf/systemlayer/t-pgfsys.tex (/opt/context-minimals/tex/texmf-context/tex/context/pgf/utilities/t-pgfrcs.tex (/opt/context-minimals/tex/texmf-context/tex/context/pgf/utilities/t-pgfmod.tex) (/opt/context-minimals/tex/texmf-context/tex/generic/pgf/utilities/pgfutil-common.tex) (/opt/context-minimals/tex/texmf-context/tex/generic/pgf/utilities/pgfutil-context.def) (/opt/context-minimals/tex/texmf-context/tex/generic/pgf/utilities/pgfrcs.code.tex)) (/opt/context-minimals/tex/texmf-context/tex/generic/pgf/systemlayer/pgfsys.code.tex (/opt/context-minimals/tex/texmf-context/tex/generic/pgf/utilities/pgfkeys.code.tex (/opt/context-minimals/tex/texmf-context/tex/generic/pgf/utilities/pgfkeysfiltered.code.tex)) (/opt/context-minimals/tex/texmf-context/tex/generic/pgf/systemlayer/pgf.cfg) (/opt/context-minimals/tex/texmf-context/tex/generic/pgf/systemlayer/pgfsys-pdftex.def (/opt/context-minimals/tex/texmf-context/tex/generic/pgf/systemlayer/pgfsys-common-pdf.def)) (project_sage.pgf)) (/opt/context-minimals/tex/texmf-context/tex/generic/pgf/systemlayer/pgfsyssoftpath.code.tex) (/opt/context-minimals/tex/texmf-context/tex/generic/pgf/systemlayer/pgfsysprotocol.code.tex)) (/opt/context-minimals/tex/texmf-context/tex/generic/pgf/basiclayer/pgfcore.code.tex (/opt/context-minimals/tex/texmf-context/tex/generic/pgf/math/pgfmath.code.tex (/opt/context-minimals/tex/texmf-context/tex/generic/pgf/math/pgfmathcalc.code.tex (/opt/context-minimals/tex/texmf-context/tex/generic/pgf/math/pgfmathutil.code.tex) (/opt/context-minimals/tex/texmf-context/tex/generic/pgf/math/pgfmathparser.code.tex) (/opt/context-minimals/tex/texmf-context/tex/generic/pgf/math/pgfmathfunctions.code.tex (/opt/context-minimals/tex/texmf-context/tex/generic/pgf/math/pgfmathfunctions.basic.code.tex) (/opt/context-minimals/tex/texmf-context/tex/generic/pgf/math/pgfmathfunctions.trigonometric.code.tex) (/opt/context-minimals/tex/texmf-context/tex/generic/pgf/math/pgfmathfunctions.random.code.tex) (/opt/context-minimals/tex/texmf-context/tex/generic/pgf/math/pgfmathfunctions.comparison.code.tex) (/opt/context-minimals/tex/texmf-context/tex/generic/pgf/math/pgfmathfunctions.base.code.tex) (/opt/context-minimals/tex/texmf-context/tex/generic/pgf/math/pgfmathfunctions.round.code.tex) (/opt/context-minimals/tex/texmf-context/tex/generic/pgf/math/pgfmathfunctions.misc.code.tex))) (/opt/context-minimals/tex/texmf-context/tex/generic/pgf/math/pgfmathfloat.code.tex)) (/opt/context-minimals/tex/texmf-context/tex/generic/pgf/basiclayer/pgfcorepoints.code.tex) (/opt/context-minimals/tex/texmf-context/tex/generic/pgf/basiclayer/pgfcorepathconstruct.code.tex) (/opt/context-minimals/tex/texmf-context/tex/generic/pgf/basiclayer/pgfcorepathusage.code.tex) (/opt/context-minimals/tex/texmf-context/tex/generic/pgf/basiclayer/pgfcorescopes.code.tex) (/opt/context-minimals/tex/texmf-context/tex/generic/pgf/basiclayer/pgfcoregraphicstate.code.tex) (/opt/context-minimals/tex/texmf-context/tex/generic/pgf/basiclayer/pgfcoretransformations.code.tex) (/opt/context-minimals/tex/texmf-context/tex/generic/pgf/basiclayer/pgfcorequick.code.tex) (/opt/context-minimals/tex/texmf-context/tex/generic/pgf/basiclayer/pgfcoreobjects.code.tex) (/opt/context-minimals/tex/texmf-context/tex/generic/pgf/basiclayer/pgfcorepathprocessing.code.tex) (/opt/context-minimals/tex/texmf-context/tex/generic/pgf/basiclayer/pgfcorearrows.code.tex) (/opt/context-minimals/tex/texmf-context/tex/generic/pgf/basiclayer/pgfcoreshade.code.tex) (/opt/context-minimals/tex/texmf-context/tex/generic/pgf/basiclayer/pgfcoreimage.code.tex) (/opt/context-minimals/tex/texmf-context/tex/generic/pgf/basiclayer/pgfcorelayers.code.tex) (/opt/context-minimals/tex/texmf-context/tex/generic/pgf/basiclayer/pgfcoretransparency.code.tex) (/opt/context-minimals/tex/texmf-context/tex/generic/pgf/basiclayer/pgfcorepatterns.code.tex))) (/opt/context-minimals/tex/texmf-context/tex/generic/pgf/modules/pgfmoduleshapes.code.tex) (/opt/context-minimals/tex/texmf-context/tex/generic/pgf/modules/pgfmoduleplot.code.tex)) (/opt/context-minimals/tex/texmf-context/tex/context/pgf/utilities/t-pgffor.tex (/opt/context-minimals/tex/texmf-context/tex/context/pgf/utilities/t-pgfrcs.tex) (/opt/context-minimals/tex/texmf-context/tex/context/pgf/utilities/t-pgfkey.tex (/opt/context-minimals/tex/texmf-context/tex/generic/pgf/utilities/pgfkeys.code.tex)) (/opt/context-minimals/tex/texmf-context/tex/generic/pgf/utilities/pgffor.code.tex)) (/opt/context-minimals/tex/texmf-context/tex/generic/pgf/frontendlayer/tikz/tikz.code.tex (/opt/context-minimals/tex/texmf-context/tex/generic/pgf/libraries/pgflibraryplothandlers.code.tex) (/opt/context-minimals/tex/texmf-context/tex/generic/pgf/modules/pgfmodulematrix.code.tex) (/opt/context-minimals/tex/texmf-context/tex/generic/pgf/frontendlayer/tikz/libraries/tikzlibrarytopaths.code.tex)))
system          : module pgfplots loaded
(/opt/context-minimals/tex/texmf-context/tex/context/third/pgfplots/t-pgfplots.tex
system          : module tikz already loaded
(/opt/context-minimals/tex/texmf-context/tex/generic/pgf/frontendlayer/tikz/libraries/tikzlibraryplotmarks.code.tex (/opt/context-minimals/tex/texmf-context/tex/generic/pgf/libraries/pgflibraryplotmarks.code.tex)) (/opt/context-minimals/tex/texmf-context/tex/generic/pgfplots/pgfplots.code.tex (/opt/context-minimals/tex/texmf-context/tex/generic/pgfplots/pgfplotscore.code.tex) (/opt/context-minimals/tex/texmf-context/tex/generic/pgfplots/oldpgfcompatib/pgfplotsoldpgfsupp_loader.code.tex (/opt/context-minimals/tex/texmf-context/tex/generic/pgf/libraries/pgflibraryfpu.code.tex)) (/opt/context-minimals/tex/texmf-context/tex/generic/pgfplots/util/pgfplotsutil.code.tex (/opt/context-minimals/tex/texmf-context/tex/generic/pgfplots/liststructure/pgfplotsliststructure.code.tex) (/opt/context-minimals/tex/texmf-context/tex/generic/pgfplots/liststructure/pgfplotsliststructureext.code.tex) (/opt/context-minimals/tex/texmf-context/tex/generic/pgfplots/liststructure/pgfplotsarray.code.tex) (/opt/context-minimals/tex/texmf-context/tex/generic/pgfplots/numtable/pgfplotstable.code.tex (/opt/context-minimals/tex/texmf-context/tex/generic/pgfplots/numtable/pgfplotstable.coltype.code.tex)) (/opt/context-minimals/tex/texmf-context/tex/generic/pgfplots/liststructure/pgfplotsdeque.code.tex) (/opt/context-minimals/tex/texmf-context/tex/generic/pgfplots/util/pgfplotsbinary.code.tex) (/opt/context-minimals/tex/texmf-context/tex/generic/pgfplots/libs/pgflibrarysurfshading.code.tex (/opt/context-minimals/tex/texmf-context/tex/generic/pgfplots/sys/pgflibrarysurfshading.pgfsys-pdftex.def))) (/opt/context-minimals/tex/texmf-context/tex/generic/pgfplots/util/pgfplotscolormap.code.tex) (/opt/context-minimals/tex/texmf-context/tex/generic/pgfplots/pgfplots.stackedplots.code.tex) (/opt/context-minimals/tex/texmf-context/tex/generic/pgfplots/pgfplotscoordprocessing.code.tex) (/opt/context-minimals/tex/texmf-context/tex/generic/pgfplots/pgfplotsticks.code.tex) (/opt/context-minimals/tex/texmf-context/tex/generic/pgf/frontendlayer/tikz/libraries/tikzlibrarydecorations.code.tex (/opt/context-minimals/tex/texmf-context/tex/generic/pgf/modules/pgfmoduledecorations.code.tex)) (/opt/context-minimals/tex/texmf-context/tex/generic/pgf/frontendlayer/tikz/libraries/tikzlibrarydecorations.pathmorphing.code.tex (/opt/context-minimals/tex/texmf-context/tex/generic/pgf/libraries/decorations/pgflibrarydecorations.pathmorphing.code.tex)) (/opt/context-minimals/tex/texmf-context/tex/generic/pgf/frontendlayer/tikz/libraries/tikzlibrarydecorations.pathreplacing.code.tex (/opt/context-minimals/tex/texmf-context/tex/generic/pgf/libraries/decorations/pgflibrarydecorations.pathreplacing.code.tex)))) (/opt/context-minimals/tex/texmf-context/tex/generic/pgf/frontendlayer/tikz/libraries/tikzlibrarycalc.code.tex) (/opt/context-minimals/tex/texmf-context/tex/generic/pgf/frontendlayer/tikz/libraries/tikzlibrarythrough.code.tex) (/opt/context-minimals/tex/texmf-context/tex/generic/pgf/frontendlayer/tikz/libraries/tikzlibrarybackgrounds.code.tex) (/opt/context-minimals/tex/texmf-context/tex/generic/pgf/frontendlayer/tikz/libraries/tikzlibrarymatrix.code.tex) (/opt/context-minimals/tex/texmf-context/tex/generic/pgf/frontendlayer/tikz/libraries/tikzlibraryarrows.code.tex (/opt/context-minimals/tex/texmf-context/tex/generic/pgf/libraries/pgflibraryarrows.code.tex))
system          : module bib loaded
(/opt/context-minimals/tex/texmf-context/tex/context/base/m-obsolete.tex
systems         : skipping obsolete module
)
system          : module bibltx not found
(urls.tex))
systems         : end file env_sage at line 2
mplib           : initializing instance 'metafun' using format 'metafun'
mplib           : loading 'metafun.mp' (experimental metapost version two)
backends        > using xmp file '/opt/context-minimals/tex/texmf-context/tex/context/base/lpdf-pdx.xml'
 <logo/frog-and-owl.pdf> <logo/sage-logo.pdf>
pages           > flushing realpage 1, userpage 1, subpage 1
pages           > flushing realpage 2, userpage 1
pages           > flushing realpage 3, userpage 1
pages           > flushing realpage 4, userpage 1
pages           > flushing realpage 5, userpage 1
pages           > flushing realpage 6, userpage 2
structure       : begin of sectionblock frontpart
structure       : title @ level 2 : 0.0 -> \headtext {content}
structure       : end of sectionblock frontpart
pages           > flushing realpage 7, userpage 1
pages           > flushing realpage 8, userpage 2
structure       : begin of sectionblock bodypart
systems         : begin file prd_sage at line 42
(prd_sage.tex
systems         : begin file c_sage-0 at line 4
(c_sage-0.tex
structure       : chapter @ level 2 : 0.1 -> Foreword

Overfull \hbox (2.35277pt too wide) in paragraph at lines 7--8
\*modern12ptrmbf* info@scholz-net.org \*modern12ptrmtf* or sage-sup-port at \*modern12ptrmbf* http://groups.google.com/group/sage-

\hbox(9.0+3.0)x435.32726, glue set - 1.0, direction TLT
.\*modern12ptrmbf* i
.\*modern12ptrmbf* n
.\*modern12ptrmbf* f
.\*modern12ptrmbf* o
.\*modern12ptrmbf* @
.etc.

pages           > flushing realpage 9, userpage 1
pages           > flushing realpage 10, userpage 2
structure       : chapter @ level 2 : 0.2 -> Requirements
pages           > flushing realpage 11, userpage 3
structure       : section @ level 3 : 0.2.1 -> Installing the binary version
structure       : section @ level 3 : 0.2.2 -> Software for installing form Source
pages           > flushing realpage 12, userpage 4
structure       : section @ level 3 : 0.2.3 -> Hardware
floatblocks     : 1 saved
t-filter        : command : vim -u NONE -e -C -n -c "set tabstop=4" -c "syntax on" -c "set syntax=sh" -c "let contextstartline=1" -c "let contextstopline=0" -c "source 2context.vim" -c "wqa" project_sage-externalfilter-bash-0.tmp
(project_sage-externalfilter-bash-0.vimout)
pages           > flushing realpage 13, userpage 5
floatblocks     : 1 moved
floatblocks     : 1 moved
t-filter        : command : vim -u NONE -e -C -n -c "set tabstop=4" -c "syntax on" -c "set syntax=sh" -c "let contextstartline=1" -c "let contextstopline=0" -c "source 2context.vim" -c "wqa" project_sage-externalfilter-bash-1.tmp
(project_sage-externalfilter-bash-1.vimout)
t-filter        : command : vim -u NONE -e -C -n -c "set tabstop=4" -c "syntax on" -c "set syntax=sh" -c "let contextstartline=1" -c "let contextstopline=0" -c "source 2context.vim" -c "wqa" project_sage-externalfilter-bash-2.tmp
(project_sage-externalfilter-bash-2.vimout)
t-filter        : command : vim -u NONE -e -C -n -c "set tabstop=4" -c "syntax on" -c "set syntax=sh" -c "let contextstartline=1" -c "let contextstopline=0" -c "source 2context.vim" -c "wqa" project_sage-externalfilter-SAGE-0.tmp
(project_sage-externalfilter-SAGE-0.vimout))
systems         : end file c_sage-0 at line 4
systems         : begin file c_sage-1 at line 5
(c_sage-1.tex
pages           > flushing realpage 14, userpage 6
pages           > flushing realpage 15, userpage 7
pages           > flushing realpage 16, userpage 8
structure       : chapter @ level 2 : 0.3 -> The Server Setup
t-filter        : command : vim -u NONE -e -C -n -c "set tabstop=4" -c "syntax on" -c "set syntax=sh" -c "let contextstartline=1" -c "let contextstopline=0" -c "source 2context.vim" -c "wqa" project_sage-externalfilter-bash-3.tmp
(project_sage-externalfilter-bash-3.vimout)
t-filter        : command : vim -u NONE -e -C -n -c "set tabstop=4" -c "syntax on" -c "set syntax=sh" -c "let contextstartline=1" -c "let contextstopline=0" -c "source 2context.vim" -c "wqa" project_sage-externalfilter-SAGE-1.tmp
(project_sage-externalfilter-SAGE-1.vimout
Underfull \hbox (badness 10000) in paragraph at lines 5--5
[][][]\*modern12pttttf* # by Dan Drake; see http://wiki.sage-math.org/Dan-Drake/JustE-nough-Sage-

\hbox(10.42677+4.05482)x435.32726, direction TLT
.\whatsit
..\localinterlinepenalty=0
..\localbrokenpenalty=0
..\localleftbox=null
..\localrightbox=null
.\hbox(0.0+0.0)x0.0, direction TLT
.\hbox(10.42677+4.05482)x0.0, direction TLT
.\*modern12pttttf* #
.\glue 6.18
.etc.


Underfull \hbox (badness 10000) in paragraph at lines 7--7
[][][]\*modern12pttttf* # we'll stuff every-thing into a dic-tio-nary and pass that on to note-

\hbox(10.42677+4.05482)x435.32726, direction TLT
.\whatsit
..\localinterlinepenalty=0
..\localbrokenpenalty=0
..\localleftbox=null
..\localrightbox=null
.\hbox(0.0+0.0)x0.0, direction TLT
.\hbox(10.42677+4.05482)x0.0, direction TLT
.\*modern12pttttf* #
.\glue 6.18
.etc.

pages           > flushing realpage 17, userpage 9
)
t-filter        : command : vim -u NONE -e -C -n -c "set tabstop=4" -c "syntax on" -c "set syntax=sh" -c "let contextstartline=1" -c "let contextstopline=0" -c "source 2context.vim" -c "wqa" project_sage-externalfilter-bash-3.tmp
(project_sage-externalfilter-bash-3.vimout
Underfull \hbox (badness 10000) in paragraph at lines 2--2
[][][]               \*modern12pttttf* source /etc/zsh/zpro-file && echo 'Start-ing Sage Web-

\hbox(10.42677+4.05482)x435.32726, direction TLT
.\whatsit
..\localinterlinepenalty=0
..\localbrokenpenalty=0
..\localleftbox=null
..\localrightbox=null
.\hbox(0.0+0.0)x0.0, direction TLT
.\hbox(10.42677+4.05482)x0.0, direction TLT
.\glue 6.18
.\glue 6.18
.etc.

)
t-filter        : command : vim -u NONE -e -C -n -c "set tabstop=4" -c "syntax on" -c "set syntax=sh" -c "let contextstartline=1" -c "let contextstopline=0" -c "source 2context.vim" -c "wqa" project_sage-externalfilter-bash-4.tmp
(project_sage-externalfilter-bash-4.vimout)
pages           > flushing realpage 18, userpage 10
t-filter        : command : vim -u NONE -e -C -n -c "set tabstop=4" -c "syntax on" -c "set syntax=sh" -c "let contextstartline=1" -c "let contextstopline=0" -c "source 2context.vim" -c "wqa" project_sage-externalfilter-bash-5.tmp
(project_sage-externalfilter-bash-5.vimout)
t-filter        : command : vim -u NONE -e -C -n -c "set tabstop=4" -c "syntax on" -c "set syntax=sh" -c "let contextstartline=1" -c "let contextstopline=0" -c "source 2context.vim" -c "wqa" project_sage-externalfilter-apache-0.tmp
(project_sage-externalfilter-apache-0.vimout)
t-filter        : command : vim -u NONE -e -C -n -c "set tabstop=4" -c "syntax on" -c "set syntax=sh" -c "let contextstartline=1" -c "let contextstopline=0" -c "source 2context.vim" -c "wqa" project_sage-externalfilter-bash-6.tmp
(project_sage-externalfilter-bash-6.vimout)
t-filter        : command : vim -u NONE -e -C -n -c "set tabstop=4" -c "syntax on" -c "set syntax=sh" -c "let contextstartline=1" -c "let contextstopline=0" -c "source 2context.vim" -c "wqa" project_sage-externalfilter-bash-7.tmp
(project_sage-externalfilter-bash-7.vimout)
pages           > flushing realpage 19, userpage 11
t-filter        : command : vim -u NONE -e -C -n -c "set tabstop=4" -c "syntax on" -c "set syntax=sh" -c "let contextstartline=1" -c "let contextstopline=0" -c "source 2context.vim" -c "wqa" project_sage-externalfilter-runscript-0.tmp
(project_sage-externalfilter-runscript-0.vimout
Underfull \hbox (badness 10000) in paragraph at lines 11--11
[][][]        \*modern12pttttf* if [ ! -e ~sageadm/.sage/sage_note-book.sagenb/users.pickle ];

\hbox(10.42677+4.05482)x435.32726, direction TLT
.\whatsit
..\localinterlinepenalty=0
..\localbrokenpenalty=0
..\localleftbox=null
..\localrightbox=null
.\hbox(0.0+0.0)x0.0, direction TLT
.\hbox(10.42677+4.05482)x0.0, direction TLT
.\glue 6.18
.\glue 6.18
.etc.


Underfull \hbox (badness 10000) in paragraph at lines 12--12
[][][]                \*modern12pttttf* eerror "Sage's Note-book was not prop-erly set up. Run

\hbox(10.42677+4.05482)x435.32726, direction TLT
.\whatsit
..\localinterlinepenalty=0
..\localbrokenpenalty=0
..\localleftbox=null
..\localrightbox=null
.\hbox(0.0+0.0)x0.0, direction TLT
.\hbox(10.42677+4.05482)x0.0, direction TLT
.\glue 6.18
.\glue 6.18
.etc.

pages           > flushing realpage 20, userpage 12

Overfull \hbox (3.45222pt too wide) in paragraph at lines 39--39
[][][]        \*modern12pttttf* start-stop-dae-mon --stop --pid-file ~sageadm/.sagelog/sagenb.pid

\hbox(10.42677+4.05482)x435.32726, direction TLT
.\whatsit
..\localinterlinepenalty=0
..\localbrokenpenalty=0
..\localleftbox=null
..\localrightbox=null
.\hbox(0.0+0.0)x0.0, direction TLT
.\hbox(10.42677+4.05482)x0.0, direction TLT
.\glue 6.18
.\glue 6.18
.etc.

)
t-filter        : command : vim -u NONE -e -C -n -c "set tabstop=4" -c "syntax on" -c "set syntax=sh" -c "let contextstartline=1" -c "let contextstopline=0" -c "source 2context.vim" -c "wqa" project_sage-externalfilter-bash-8.tmp
(project_sage-externalfilter-bash-8.vimout)
t-filter        : command : vim -u NONE -e -C -n -c "set tabstop=4" -c "syntax on" -c "set syntax=sh" -c "let contextstartline=1" -c "let contextstopline=0" -c "source 2context.vim" -c "wqa" project_sage-externalfilter-bash-9.tmp
(project_sage-externalfilter-bash-9.vimout)
t-filter        : command : vim -u NONE -e -C -n -c "set tabstop=4" -c "syntax on" -c "set syntax=sh" -c "let contextstartline=1" -c "let contextstopline=0" -c "source 2context.vim" -c "wqa" project_sage-externalfilter-SAGE-2.tmp
(project_sage-externalfilter-SAGE-2.vimout)
t-filter        : command : vim -u NONE -e -C -n -c "set tabstop=4" -c "syntax on" -c "set syntax=sh" -c "let contextstartline=1" -c "let contextstopline=0" -c "source 2context.vim" -c "wqa" project_sage-externalfilter-bash-10.tmp
(project_sage-externalfilter-bash-10.vimout))
systems         : end file c_sage-1 at line 5
)
systems         : end file prd_sage at line 42
structure       : end of sectionblock bodypart
pages           > flushing realpage 21, userpage 13
pages           > flushing realpage 22, userpage 14
structure       : begin of sectionblock appendix
systems         : begin file prd_sage_app at line 47
(prd_sage_app.tex
systems         : begin file c_sage-app-0 at line 4
(c_sage-app-0.tex
structure       : chapter @ level 2 : 0.1 -> Why an own Sage Server
)
systems         : end file c_sage-app-0 at line 4
)
systems         : end file prd_sage_app at line 47
structure       : end of sectionblock appendix
pages           > flushing realpage 23, userpage 15
pages           > flushing realpage 24, userpage 16
pages           > flushing realpage 25, userpage 17
pages           > flushing realpage 26, userpage 18
systems         : end file project_sage.tex at line 57
 )</opt/context-minimals/tex/texmf/fonts/opentype/public/lm/lmmono10-regular.otf></opt/context-minimals/tex/texmf/fonts/opentype/public/lm/lmsans10-regular.otf></opt/context-minimals/tex/texmf/fonts/opentype/public/lm/lmsans10-bold.otf></opt/context-minimals/tex/texmf/fonts/opentype/public/lm/lmmono12-regular.otf></opt/context-minimals/tex/texmf/fonts/opentype/public/lm/lmroman10-regular.otf></opt/context-minimals/tex/texmf/fonts/opentype/public/lm/lmromanslant12-regular.otf>{/opt/context-minimals/tex/texmf/fonts/enc/dvips/lm/lm-mathsy.enc}</opt/context-minimals/tex/texmf/fonts/opentype/public/lm/lmroman12-bold.otf></opt/context-minimals/tex/texmf/fonts/opentype/public/lm/lmroman8-regular.otf></opt/context-minimals/tex/texmf/fonts/opentype/public/lm/lmroman12-regular.otf></opt/context-minimals/tex/texmf/fonts/type1/public/lm/lmsy10.pfb>
mkiv lua stats : used config file          - /opt/context-minimals/tex/texmf/web2c/texmfcnf.lua
mkiv lua stats : used cache path           - /home/golodhrim/.context-minimals/texmf-cache/luatex-cache/context/c63c0436d02b6f578869dabb6fcfef99
mkiv lua stats : input load time           - 0.025 seconds
mkiv lua stats : stored bytecode data      - 246 modules, 56 tables, 302 chunks
mkiv lua stats : loaded tex modules        - 11 requested, 9 found (*-filter *-gnuplot *-grk-00 *-newmat *-obsolete *-pgfplots *-tikz *-units *-vim), 2 missing (*-amsl *-bibltx)
mkiv lua stats : cleaned up reserved nodes - 63 nodes, 10 lists of 424
mkiv lua stats : node memory usage         - 20 glue_spec
mkiv lua stats : node list callback tasks  - 6 unique task lists, 6 instances (re)created, 8333 calls
mkiv lua stats : h-node processing time    - 0.063 seconds including kernel
mkiv lua stats : attribute processing time - 0.095 seconds front- and backend
mkiv lua stats : used backend              - pdf (backend for directly generating pdf output)
mkiv lua stats : loaded patterns           - en::2
mkiv lua stats : callbacks                 - direct: 10933, indirect: 67002, total: 77935
mkiv lua stats : lxml preparation time     - 0.000 seconds, 0 nodes, 15 lpath calls, 0 cached calls
mkiv lua stats : interactive elements      - 20 references, 9 destinations
mkiv lua stats : v-node processing time    - 0.082 seconds 
mkiv lua stats : result saved in file      - project_sage.pdf
mkiv lua stats : loaded fonts              - 39 files: stmary10.afm lmmono10-regular.otf lmmono12-regular.otf lmmono8-regular.otf lmmono9-regular.otf lmroman10-regular.otf lmroman12-bold.otf lmroman12-regular.otf lmroman7-bold.otf lmroman7-regular.otf lmroman8-regular.otf lmroman9-bold.otf lmroman9-regular.otf lmromanslant12-regular.otf lmsans10-bold.otf lmsans10-regular.otf lmsans12-regular.otf lmsans8-regular.otf lmsans9-regular.otf eufb10.tfm eufb7.tfm eufm10.tfm eufm7.tfm msam10.tfm msam7.tfm msbm10.tfm msbm7.tfm lmex10.tfm lmmi12.tfm lmmi7.tfm lmmi9.tfm lmmib10.tfm lmmib7.tfm lmsy10.tfm lmsy7.tfm lmsy9.tfm rm-lmr12.tfm rm-lmr7.tfm rm-lmr9.tfm
mkiv lua stats : fonts load time           - 0.648 seconds 
mkiv lua stats : metapost processing time  - 0.038 seconds, loading: 0.078 seconds, execution: 0.037 seconds, n: 2
mkiv lua stats : graphics processing time  - 0.006 seconds including tex, 2 processed images
mkiv lua stats : pdf annotations           - 20 embedded, 20 unique
mkiv lua stats : luatex banner             - this is luatex, version beta-0.64.0-2010111216
mkiv lua stats : control sequences         - 61992 of 165536
mkiv lua stats : current memory usage      - 53 MB (ctx: 54 MB)
mkiv lua stats : runtime                   - 9.321 seconds, 25 processed pages, 26 shipped pages, 2.789 pages/second

